current directory: /home/ingedata-dev/Documents/study/goal/gems/puma-5.6.7/ext/puma_http11
/usr/bin/ruby3.0 -I /usr/lib/ruby/vendor_ruby -r ./siteconf20230821-115701-sjoux0.rb extconf.rb
using OpenSSL pkgconfig (openssl.pc)
checking for openssl/bio.h... yes
checking for DTLS_method() in openssl/ssl.h... yes
checking for TLS_server_method() in openssl/ssl.h... yes
checking for SSL_CTX_set_min_proto_version(NULL, 0) in openssl/ssl.h... yes
checking for X509_STORE_up_ref()... yes
checking for SSL_CTX_set_ecdh_auto(NULL, 0) in openssl/ssl.h... yes
checking for SSL_CTX_set_dh_auto(NULL, 0) in openssl/ssl.h... yes
checking for SSL_get1_peer_certificate() in openssl/ssl.h... yes
checking for Random.bytes... yes
creating Makefile

current directory: /home/ingedata-dev/Documents/study/goal/gems/puma-5.6.7/ext/puma_http11
make DESTDIR\= clean

current directory: /home/ingedata-dev/Documents/study/goal/gems/puma-5.6.7/ext/puma_http11
make DESTDIR\=
compiling http11_parser.c
compiling mini_ssl.c
compiling puma_http11.c
linking shared-object puma/puma_http11.so

current directory: /home/ingedata-dev/Documents/study/goal/gems/puma-5.6.7/ext/puma_http11
make DESTDIR\= install
/usr/bin/install -c -m 0755 puma_http11.so ./.gem.20230821-115701-2c8q6/puma
